0 info it worked if it ends with ok
1 verbose cli [ '/usr/bin/nodejs', '/usr/bin/npm', 'install' ]
2 info using npm@1.3.10
3 info using node@v0.10.25
4 verbose readDependencies using package.json deps
5 verbose install where, deps [ '/srv/dev/t3inf/repo/20141013003927/themes/roots', [] ]
6 info preinstall WordPlay-Theme@
7 warn package.json browser-sync@1.5.7 No README data
8 warn package.json gulp-concat@2.4.1 No README data
9 warn package.json gulp-csso@0.2.9 No README data
10 warn package.json gulp-less@1.3.6 No README data
11 warn package.json gulp-minify-css@0.3.10 No README data
12 warn package.json gulp-rename@1.2.0 No README data
13 warn package.json gulp-sourcemaps@1.2.4 No README data
14 warn package.json gulp-uglify@1.0.1 No README data
15 warn package.json gulp-watch@1.1.0 No README data
16 verbose readDependencies using package.json deps
17 silly resolved []
18 info build /srv/dev/t3inf/repo/20141013003927/themes/roots
19 verbose linkStuff [ false,
19 verbose linkStuff   false,
19 verbose linkStuff   false,
19 verbose linkStuff   '/srv/dev/t3inf/repo/20141013003927/themes' ]
20 info linkStuff WordPlay-Theme@
21 verbose linkBins WordPlay-Theme@
22 verbose linkMans WordPlay-Theme@
23 verbose rebuildBundles WordPlay-Theme@
24 verbose rebuildBundles [ '.bin',
24 verbose rebuildBundles   'bower',
24 verbose rebuildBundles   'browser-sync',
24 verbose rebuildBundles   'gulp',
24 verbose rebuildBundles   'gulp-concat',
24 verbose rebuildBundles   'gulp-csso',
24 verbose rebuildBundles   'gulp-less',
24 verbose rebuildBundles   'gulp-minify-css',
24 verbose rebuildBundles   'gulp-rename',
24 verbose rebuildBundles   'gulp-sourcemaps',
24 verbose rebuildBundles   'gulp-uglify',
24 verbose rebuildBundles   'gulp-watch' ]
25 verbose rebuild bundle /srv/dev/t3inf/repo/20141013003927/themes/roots/node_modules/bower
26 info build /srv/dev/t3inf/repo/20141013003927/themes/roots/node_modules/bower
27 info preinstall bower@1.3.12
28 verbose linkStuff [ false,
28 verbose linkStuff   false,
28 verbose linkStuff   false,
28 verbose linkStuff   '/srv/dev/t3inf/repo/20141013003927/themes/roots/node_modules' ]
29 info linkStuff bower@1.3.12
30 warn prefer global bower@1.3.12 should be installed with -g
31 verbose linkBins bower@1.3.12
32 verbose link bins [ { bower: 'bin/bower' },
32 verbose link bins   '/srv/dev/t3inf/repo/20141013003927/themes/roots/node_modules/.bin',
32 verbose link bins   false ]
33 verbose linkMans bower@1.3.12
34 verbose rebuildBundles bower@1.3.12
35 verbose rebuildBundles [ '.bin',
35 verbose rebuildBundles   'abbrev',
35 verbose rebuildBundles   'archy',
35 verbose rebuildBundles   'bower-config',
35 verbose rebuildBundles   'bower-endpoint-parser',
35 verbose rebuildBundles   'bower-json',
35 verbose rebuildBundles   'bower-logger',
35 verbose rebuildBundles   'bower-registry-client',
35 verbose rebuildBundles   'cardinal',
35 verbose rebuildBundles   'chalk',
35 verbose rebuildBundles   'chmodr',
35 verbose rebuildBundles   'decompress-zip',
35 verbose rebuildBundles   'fstream',
35 verbose rebuildBundles   'fstream-ignore',
35 verbose rebuildBundles   'glob',
35 verbose rebuildBundles   'graceful-fs',
35 verbose rebuildBundles   'handlebars',
35 verbose rebuildBundles   'inquirer',
35 verbose rebuildBundles   'insight',
35 verbose rebuildBundles   'is-root',
35 verbose rebuildBundles   'junk',
35 verbose rebuildBundles   'lockfile',
35 verbose rebuildBundles   'lru-cache',
35 verbose rebuildBundles   'mkdirp',
35 verbose rebuildBundles   'mout',
35 verbose rebuildBundles   'nopt',
35 verbose rebuildBundles   'opn',
35 verbose rebuildBundles   'osenv',
35 verbose rebuildBundles   'p-throttler',
35 verbose rebuildBundles   'promptly',
35 verbose rebuildBundles   'q',
35 verbose rebuildBundles   'request',
35 verbose rebuildBundles   'request-progress',
35 verbose rebuildBundles   'retry',
35 verbose rebuildBundles   'rimraf',
35 verbose rebuildBundles   'semver',
35 verbose rebuildBundles   'shell-quote',
35 verbose rebuildBundles   'stringify-object',
35 verbose rebuildBundles   'tar-fs',
35 verbose rebuildBundles   'tmp',
35 verbose rebuildBundles   'update-notifier',
35 verbose rebuildBundles   'which' ]
36 info install bower@1.3.12
37 info postinstall bower@1.3.12
38 verbose rebuild bundle /srv/dev/t3inf/repo/20141013003927/themes/roots/node_modules/browser-sync
39 info build /srv/dev/t3inf/repo/20141013003927/themes/roots/node_modules/browser-sync
40 info preinstall browser-sync@1.5.7
41 verbose linkStuff [ false,
41 verbose linkStuff   false,
41 verbose linkStuff   false,
41 verbose linkStuff   '/srv/dev/t3inf/repo/20141013003927/themes/roots/node_modules' ]
42 info linkStuff browser-sync@1.5.7
43 verbose linkBins browser-sync@1.5.7
44 verbose link bins [ { 'browser-sync': './bin/browser-sync' },
44 verbose link bins   '/srv/dev/t3inf/repo/20141013003927/themes/roots/node_modules/.bin',
44 verbose link bins   false ]
45 verbose linkMans browser-sync@1.5.7
46 verbose rebuildBundles browser-sync@1.5.7
47 error Error: ENOENT, chmod '/srv/dev/t3inf/repo/20141013003927/themes/roots/node_modules/browser-sync/bin/browser-sync'
48 error If you need help, you may report this log at:
48 error     <http://github.com/isaacs/npm/issues>
48 error or email it to:
48 error     <npm-@googlegroups.com>
49 error System Linux 3.14.4-031404-generic
50 error command "/usr/bin/nodejs" "/usr/bin/npm" "install"
51 error cwd /srv/dev/t3inf/repo/20141013003927/themes/roots
52 error node -v v0.10.25
53 error npm -v 1.3.10
54 error path /srv/dev/t3inf/repo/20141013003927/themes/roots/node_modules/browser-sync/bin/browser-sync
55 error code ENOENT
56 error errno 34
57 verbose exit [ 34, true ]
